[debug] [2025-07-24T02:26:46.540Z] ----------------------------------------------------------------------
[debug] [2025-07-24T02:26:46.542Z] Command:       /usr/local/bin/firebase /Users/reynaldysaputra/.cache/firebase/tools/lib/node_modules/firebase-tools/lib/bin/firebase deploy
[debug] [2025-07-24T02:26:46.542Z] CLI Version:   11.25.1
[debug] [2025-07-24T02:26:46.543Z] Platform:      darwin
[debug] [2025-07-24T02:26:46.543Z] Node Version:  v16.16.0
[debug] [2025-07-24T02:26:46.547Z] Time:          Thu Jul 24 2025 09:26:46 GMT+0700 (Western Indonesia Time)
[debug] [2025-07-24T02:26:46.547Z] ----------------------------------------------------------------------
[debug] 
[debug] [2025-07-24T02:26:46.666Z] > command requires scopes: ["email","openid","https://www.googleapis.com/auth/cloudplatformprojects.readonly","https://www.googleapis.com/auth/firebase","https://www.googleapis.com/auth/cloud-platform"]
[debug] [2025-07-24T02:26:46.667Z] > authorizing via signed-in user (ptindosweetjayanusantara@gmail.com)
[debug] [2025-07-24T02:26:46.667Z] [iam] checking project indosweet-jayanusantara for permissions ["firebase.projects.get","firebasehosting.sites.update"]
[debug] [2025-07-24T02:26:46.669Z] > refreshing access token with scopes: []
[debug] [2025-07-24T02:26:46.670Z] >>> [apiv2][query] POST https://www.googleapis.com/oauth2/v3/token [none]
[debug] [2025-07-24T02:26:46.671Z] >>> [apiv2][body] POST https://www.googleapis.com/oauth2/v3/token [omitted]
[debug] [2025-07-24T02:26:46.858Z] <<< [apiv2][status] POST https://www.googleapis.com/oauth2/v3/token 200
[debug] [2025-07-24T02:26:46.860Z] <<< [apiv2][body] POST https://www.googleapis.com/oauth2/v3/token [omitted]
[debug] [2025-07-24T02:26:46.892Z] >>> [apiv2][query] POST https://cloudresourcemanager.googleapis.com/v1/projects/indosweet-jayanusantara:testIamPermissions [none]
[debug] [2025-07-24T02:26:46.893Z] >>> [apiv2][(partial)header] POST https://cloudresourcemanager.googleapis.com/v1/projects/indosweet-jayanusantara:testIamPermissions x-goog-quota-user=projects/indosweet-jayanusantara
[debug] [2025-07-24T02:26:46.894Z] >>> [apiv2][body] POST https://cloudresourcemanager.googleapis.com/v1/projects/indosweet-jayanusantara:testIamPermissions {"permissions":["firebase.projects.get","firebasehosting.sites.update"]}
[debug] [2025-07-24T02:26:48.098Z] <<< [apiv2][status] POST https://cloudresourcemanager.googleapis.com/v1/projects/indosweet-jayanusantara:testIamPermissions 200
[debug] [2025-07-24T02:26:48.100Z] <<< [apiv2][body] POST https://cloudresourcemanager.googleapis.com/v1/projects/indosweet-jayanusantara:testIamPermissions {"permissions":["firebase.projects.get","firebasehosting.sites.update"]}
[debug] [2025-07-24T02:26:48.102Z] >>> [apiv2][query] GET https://firebase.googleapis.com/v1beta1/projects/indosweet-jayanusantara [none]
[debug] [2025-07-24T02:26:49.333Z] <<< [apiv2][status] GET https://firebase.googleapis.com/v1beta1/projects/indosweet-jayanusantara 200
[debug] [2025-07-24T02:26:49.334Z] <<< [apiv2][body] GET https://firebase.googleapis.com/v1beta1/projects/indosweet-jayanusantara {"projectId":"indosweet-jayanusantara","projectNumber":"927369005530","displayName":"indosweet-jayanusantara","name":"projects/indosweet-jayanusantara","resources":{"hostingSite":"indosweet-jayanusantara"},"state":"ACTIVE","etag":"1_9b194312-6d39-4298-89c0-9831bb96fa88"}
[info] 
[info] === Deploying to 'indosweet-jayanusantara'...
[info] 
[info] i  deploying hosting 
[debug] [2025-07-24T02:26:49.339Z] Specified "public" directory "out" does not exist; Deploy to Hosting site "indosweet-jayanusantara" may fail or be empty.
[debug] [2025-07-24T02:26:49.340Z] >>> [apiv2][query] POST https://firebasehosting.googleapis.com/v1beta1/projects/-/sites/indosweet-jayanusantara/versions [none]
[debug] [2025-07-24T02:26:49.341Z] >>> [apiv2][body] POST https://firebasehosting.googleapis.com/v1beta1/projects/-/sites/indosweet-jayanusantara/versions {"status":"CREATED","labels":{"deployment-tool":"cli-firebase"}}
[debug] [2025-07-24T02:26:50.668Z] <<< [apiv2][status] POST https://firebasehosting.googleapis.com/v1beta1/projects/-/sites/indosweet-jayanusantara/versions 200
[debug] [2025-07-24T02:26:50.668Z] <<< [apiv2][body] POST https://firebasehosting.googleapis.com/v1beta1/projects/-/sites/indosweet-jayanusantara/versions {"name":"projects/927369005530/sites/indosweet-jayanusantara/versions/5bfddf1bd20b789a","status":"CREATED","config":{},"labels":{"deployment-tool":"cli-firebase"}}
[info] i  hosting[indosweet-jayanusantara]: beginning deploy... 
[error] 
[error] Error: Directory 'out' for Hosting does not exist.
